2025-05-31 13:51:01,688 - __main__ - INFO - Initializing database...
2025-05-31 13:51:01,706 - __main__ - INFO - Registering handlers...
2025-05-31 13:51:01,706 - __main__ - INFO - Starting bot...
2025-05-31 13:51:01,706 - aiogram.dispatcher - INFO - Start polling
2025-05-31 13:51:04,397 - aiogram.dispatcher - INFO - Run polling for bot @Batumi_Tool_Bot id=7623203863 - 'Batumi_Tool_Bot'
2025-05-31 13:51:47,661 - aiogram.event - INFO - Update id=880074569 is handled. Duration 1037 ms by bot id=7623203863
2025-05-31 13:52:05,474 - aiogram.event - INFO - Update id=880074570 is handled. Duration 1258 ms by bot id=7623203863
2025-05-31 13:52:10,705 - aiogram.event - INFO - Update id=880074571 is handled. Duration 478 ms by bot id=7623203863
2025-05-31 13:52:13,680 - aiogram.event - INFO - Update id=880074572 is handled. Duration 351 ms by bot id=7623203863
2025-05-31 13:53:01,048 - aiogram.event - INFO - Update id=880074573 is handled. Duration 907 ms by bot id=7623203863
2025-05-31 13:53:25,164 - aiogram.event - INFO - Update id=880074574 is handled. Duration 1053 ms by bot id=7623203863
2025-05-31 14:07:09,897 - aiogram.event - INFO - Update id=880074575 is handled. Duration 1314 ms by bot id=7623203863
2025-05-31 14:09:01,989 - aiogram.event - INFO - Update id=880074576 is handled. Duration 1041 ms by bot id=7623203863
2025-05-31 14:09:06,468 - aiogram.event - INFO - Update id=880074577 is handled. Duration 449 ms by bot id=7623203863
2025-05-31 14:09:25,918 - aiogram.event - INFO - Update id=880074578 is handled. Duration 855 ms by bot id=7623203863
2025-05-31 14:09:29,780 - aiogram.event - INFO - Update id=880074579 is handled. Duration 726 ms by bot id=7623203863
2025-05-31 14:09:35,015 - aiogram.event - INFO - Update id=880074580 is handled. Duration 496 ms by bot id=7623203863
2025-05-31 14:09:40,017 - aiogram.event - INFO - Update id=880074581 is handled. Duration 499 ms by bot id=7623203863
2025-05-31 14:09:42,880 - aiogram.event - INFO - Update id=880074582 is handled. Duration 403 ms by bot id=7623203863
2025-05-31 14:09:46,026 - aiogram.event - INFO - Update id=880074583 is handled. Duration 976 ms by bot id=7623203863
2025-05-31 14:10:19,414 - aiogram.event - INFO - Update id=880074584 is handled. Duration 2416 ms by bot id=7623203863
2025-05-31 14:10:49,989 - aiogram.event - INFO - Update id=880074585 is handled. Duration 853 ms by bot id=7623203863
2025-05-31 14:15:31,796 - aiogram.dispatcher - WARNING - Received SIGINT signal
2025-05-31 14:15:31,800 - aiogram.dispatcher - INFO - Polling stopped for bot @Batumi_Tool_Bot id=7623203863 - 'Batumi_Tool_Bot'
2025-05-31 14:15:31,800 - aiogram.dispatcher - INFO - Polling stopped
2025-05-31 14:17:13,838 - __main__ - INFO - Initializing database...
2025-05-31 14:17:13,857 - __main__ - INFO - Registering handlers...
2025-05-31 14:17:13,857 - __main__ - INFO - Starting bot...
2025-05-31 14:17:13,858 - aiogram.dispatcher - INFO - Start polling
2025-05-31 14:17:14,903 - aiogram.dispatcher - INFO - Run polling for bot @Batumi_Tool_Bot id=7623203863 - 'Batumi_Tool_Bot'
2025-05-31 14:17:31,625 - aiogram.event - INFO - Update id=880074586 is handled. Duration 1737 ms by bot id=7623203863
2025-05-31 14:17:44,053 - aiogram.event - INFO - Update id=880074587 is handled. Duration 371 ms by bot id=7623203863
2025-05-31 14:18:01,504 - aiogram.event - INFO - Update id=880074588 is handled. Duration 1042 ms by bot id=7623203863
2025-05-31 14:18:11,528 - aiogram.event - INFO - Update id=880074589 is handled. Duration 314 ms by bot id=7623203863
2025-05-31 14:18:17,233 - aiogram.event - INFO - Update id=880074590 is handled. Duration 448 ms by bot id=7623203863
2025-05-31 14:18:35,638 - aiogram.event - INFO - Update id=880074591 is handled. Duration 1009 ms by bot id=7623203863
2025-05-31 14:18:41,685 - aiogram.event - INFO - Update id=880074592 is handled. Duration 334 ms by bot id=7623203863
2025-05-31 14:19:11,233 - aiogram.event - INFO - Update id=880074593 is handled. Duration 2838 ms by bot id=7623203863
2025-05-31 14:19:16,476 - aiogram.event - INFO - Update id=880074594 is handled. Duration 503 ms by bot id=7623203863
2025-05-31 14:19:19,667 - aiogram.event - INFO - Update id=880074595 is handled. Duration 316 ms by bot id=7623203863
2025-05-31 14:19:22,242 - aiogram.event - INFO - Update id=880074596 is handled. Duration 432 ms by bot id=7623203863
2025-05-31 14:19:24,636 - aiogram.event - INFO - Update id=880074597 is handled. Duration 471 ms by bot id=7623203863
2025-05-31 14:19:26,811 - aiogram.event - INFO - Update id=880074598 is handled. Duration 370 ms by bot id=7623203863
2025-05-31 14:19:33,551 - aiogram.event - INFO - Update id=880074599 is handled. Duration 758 ms by bot id=7623203863
2025-05-31 14:20:08,388 - aiogram.event - INFO - Update id=880074600 is handled. Duration 1474 ms by bot id=7623203863
2025-05-31 14:20:10,486 - aiogram.event - INFO - Update id=880074601 is handled. Duration 791 ms by bot id=7623203863
2025-05-31 14:20:12,417 - aiogram.event - INFO - Update id=880074602 is handled. Duration 628 ms by bot id=7623203863
2025-05-31 14:20:25,682 - aiogram.event - INFO - Update id=880074603 is handled. Duration 724 ms by bot id=7623203863
2025-05-31 14:20:58,381 - aiogram.event - INFO - Update id=880074604 is not handled. Duration 903 ms by bot id=7623203863
2025-05-31 14:20:58,383 - aiogram.event - ERROR - Cause exception while process update id=880074604 by bot id=7623203863
TelegramBadRequest: Telegram server says - Bad Request: there is no text in the message to edit
Traceback (most recent call last):
  File "/Users/johnjanik/toolbot/venv/lib/python3.12/site-packages/aiogram/dispatcher/dispatcher.py", line 309, in _process_update
    response = await self.feed_update(bot, update, **kwargs)
               ^^^^^^^^^^^^^^^^^^^^^^^^^^^^^^^^^^^^^^^^^^^^^
  File "/Users/johnjanik/toolbot/venv/lib/python3.12/site-packages/aiogram/dispatcher/dispatcher.py", line 158, in feed_update
    response = await self.update.wrap_outer_middleware(
               ^^^^^^^^^^^^^^^^^^^^^^^^^^^^^^^^^^^^^^^^
  File "/Users/johnjanik/toolbot/venv/lib/python3.12/site-packages/aiogram/dispatcher/middlewares/error.py", line 25, in __call__
    return await handler(event, data)
           ^^^^^^^^^^^^^^^^^^^^^^^^^^
  File "/Users/johnjanik/toolbot/venv/lib/python3.12/site-packages/aiogram/dispatcher/middlewares/user_context.py", line 49, in __call__
    return await handler(event, data)
           ^^^^^^^^^^^^^^^^^^^^^^^^^^
  File "/Users/johnjanik/toolbot/venv/lib/python3.12/site-packages/aiogram/fsm/middleware.py", line 42, in __call__
    return await handler(event, data)
           ^^^^^^^^^^^^^^^^^^^^^^^^^^
  File "/Users/johnjanik/toolbot/venv/lib/python3.12/site-packages/aiogram/dispatcher/event/telegram.py", line 121, in trigger
    return await wrapped_inner(event, kwargs)
           ^^^^^^^^^^^^^^^^^^^^^^^^^^^^^^^^^^
  File "/Users/johnjanik/toolbot/venv/lib/python3.12/site-packages/aiogram/dispatcher/event/handler.py", line 43, in call
    return await wrapped()
           ^^^^^^^^^^^^^^^
  File "/Users/johnjanik/toolbot/venv/lib/python3.12/site-packages/aiogram/dispatcher/dispatcher.py", line 276, in _listen_update
    return await self.propagate_event(update_type=update_type, event=event, **kwargs)
           ^^^^^^^^^^^^^^^^^^^^^^^^^^^^^^^^^^^^^^^^^^^^^^^^^^^^^^^^^^^^^^^^^^^^^^^^^^
  File "/Users/johnjanik/toolbot/venv/lib/python3.12/site-packages/aiogram/dispatcher/router.py", line 142, in propagate_event
    return await observer.wrap_outer_middleware(_wrapped, event=event, data=kwargs)
           ^^^^^^^^^^^^^^^^^^^^^^^^^^^^^^^^^^^^^^^^^^^^^^^^^^^^^^^^^^^^^^^^^^^^^^^^
  File "/Users/johnjanik/toolbot/venv/lib/python3.12/site-packages/aiogram/dispatcher/router.py", line 137, in _wrapped
    return await self._propagate_event(
           ^^^^^^^^^^^^^^^^^^^^^^^^^^^^
  File "/Users/johnjanik/toolbot/venv/lib/python3.12/site-packages/aiogram/dispatcher/router.py", line 170, in _propagate_event
    response = await router.propagate_event(update_type=update_type, event=event, **kwargs)
               ^^^^^^^^^^^^^^^^^^^^^^^^^^^^^^^^^^^^^^^^^^^^^^^^^^^^^^^^^^^^^^^^^^^^^^^^^^^^
  File "/Users/johnjanik/toolbot/venv/lib/python3.12/site-packages/aiogram/dispatcher/router.py", line 142, in propagate_event
    return await observer.wrap_outer_middleware(_wrapped, event=event, data=kwargs)
           ^^^^^^^^^^^^^^^^^^^^^^^^^^^^^^^^^^^^^^^^^^^^^^^^^^^^^^^^^^^^^^^^^^^^^^^^
  File "/Users/johnjanik/toolbot/venv/lib/python3.12/site-packages/aiogram/dispatcher/router.py", line 137, in _wrapped
    return await self._propagate_event(
           ^^^^^^^^^^^^^^^^^^^^^^^^^^^^
  File "/Users/johnjanik/toolbot/venv/lib/python3.12/site-packages/aiogram/dispatcher/router.py", line 162, in _propagate_event
    response = await observer.trigger(event, **kwargs)
               ^^^^^^^^^^^^^^^^^^^^^^^^^^^^^^^^^^^^^^^
  File "/Users/johnjanik/toolbot/venv/lib/python3.12/site-packages/aiogram/dispatcher/event/telegram.py", line 121, in trigger
    return await wrapped_inner(event, kwargs)
           ^^^^^^^^^^^^^^^^^^^^^^^^^^^^^^^^^^
  File "/Users/johnjanik/toolbot/venv/lib/python3.12/site-packages/aiogram/dispatcher/event/handler.py", line 43, in call
    return await wrapped()
           ^^^^^^^^^^^^^^^
  File "/Users/johnjanik/toolbot/bot/handlers/user.py", line 71, in browse_tools
    await update.message.edit_text(text, reply_markup=keyboard)
  File "/Users/johnjanik/toolbot/venv/lib/python3.12/site-packages/aiogram/methods/base.py", line 84, in emit
    return await bot(self)
           ^^^^^^^^^^^^^^^
  File "/Users/johnjanik/toolbot/venv/lib/python3.12/site-packages/aiogram/client/bot.py", line 480, in __call__
    return await self.session(self, method, timeout=request_timeout)
           ^^^^^^^^^^^^^^^^^^^^^^^^^^^^^^^^^^^^^^^^^^^^^^^^^^^^^^^^^
  File "/Users/johnjanik/toolbot/venv/lib/python3.12/site-packages/aiogram/client/session/base.py", line 254, in __call__
    return cast(TelegramType, await middleware(bot, method))
                              ^^^^^^^^^^^^^^^^^^^^^^^^^^^^^
  File "/Users/johnjanik/toolbot/venv/lib/python3.12/site-packages/aiogram/client/session/aiohttp.py", line 178, in make_request
    response = self.check_response(
               ^^^^^^^^^^^^^^^^^^^^
  File "/Users/johnjanik/toolbot/venv/lib/python3.12/site-packages/aiogram/client/session/base.py", line 120, in check_response
    raise TelegramBadRequest(method=method, message=description)
aiogram.exceptions.TelegramBadRequest: Telegram server says - Bad Request: there is no text in the message to edit
2025-05-31 14:21:01,013 - aiogram.event - INFO - Update id=880074605 is not handled. Duration 204 ms by bot id=7623203863
2025-05-31 14:21:01,014 - aiogram.event - ERROR - Cause exception while process update id=880074605 by bot id=7623203863
TelegramBadRequest: Telegram server says - Bad Request: there is no text in the message to edit
Traceback (most recent call last):
  File "/Users/johnjanik/toolbot/venv/lib/python3.12/site-packages/aiogram/dispatcher/dispatcher.py", line 309, in _process_update
    response = await self.feed_update(bot, update, **kwargs)
               ^^^^^^^^^^^^^^^^^^^^^^^^^^^^^^^^^^^^^^^^^^^^^
  File "/Users/johnjanik/toolbot/venv/lib/python3.12/site-packages/aiogram/dispatcher/dispatcher.py", line 158, in feed_update
    response = await self.update.wrap_outer_middleware(
               ^^^^^^^^^^^^^^^^^^^^^^^^^^^^^^^^^^^^^^^^
  File "/Users/johnjanik/toolbot/venv/lib/python3.12/site-packages/aiogram/dispatcher/middlewares/error.py", line 25, in __call__
    return await handler(event, data)
           ^^^^^^^^^^^^^^^^^^^^^^^^^^
  File "/Users/johnjanik/toolbot/venv/lib/python3.12/site-packages/aiogram/dispatcher/middlewares/user_context.py", line 49, in __call__
    return await handler(event, data)
           ^^^^^^^^^^^^^^^^^^^^^^^^^^
  File "/Users/johnjanik/toolbot/venv/lib/python3.12/site-packages/aiogram/fsm/middleware.py", line 42, in __call__
    return await handler(event, data)
           ^^^^^^^^^^^^^^^^^^^^^^^^^^
  File "/Users/johnjanik/toolbot/venv/lib/python3.12/site-packages/aiogram/dispatcher/event/telegram.py", line 121, in trigger
    return await wrapped_inner(event, kwargs)
           ^^^^^^^^^^^^^^^^^^^^^^^^^^^^^^^^^^
  File "/Users/johnjanik/toolbot/venv/lib/python3.12/site-packages/aiogram/dispatcher/event/handler.py", line 43, in call
    return await wrapped()
           ^^^^^^^^^^^^^^^
  File "/Users/johnjanik/toolbot/venv/lib/python3.12/site-packages/aiogram/dispatcher/dispatcher.py", line 276, in _listen_update
    return await self.propagate_event(update_type=update_type, event=event, **kwargs)
           ^^^^^^^^^^^^^^^^^^^^^^^^^^^^^^^^^^^^^^^^^^^^^^^^^^^^^^^^^^^^^^^^^^^^^^^^^^
  File "/Users/johnjanik/toolbot/venv/lib/python3.12/site-packages/aiogram/dispatcher/router.py", line 142, in propagate_event
    return await observer.wrap_outer_middleware(_wrapped, event=event, data=kwargs)
           ^^^^^^^^^^^^^^^^^^^^^^^^^^^^^^^^^^^^^^^^^^^^^^^^^^^^^^^^^^^^^^^^^^^^^^^^
  File "/Users/johnjanik/toolbot/venv/lib/python3.12/site-packages/aiogram/dispatcher/router.py", line 137, in _wrapped
    return await self._propagate_event(
           ^^^^^^^^^^^^^^^^^^^^^^^^^^^^
  File "/Users/johnjanik/toolbot/venv/lib/python3.12/site-packages/aiogram/dispatcher/router.py", line 170, in _propagate_event
    response = await router.propagate_event(update_type=update_type, event=event, **kwargs)
               ^^^^^^^^^^^^^^^^^^^^^^^^^^^^^^^^^^^^^^^^^^^^^^^^^^^^^^^^^^^^^^^^^^^^^^^^^^^^
  File "/Users/johnjanik/toolbot/venv/lib/python3.12/site-packages/aiogram/dispatcher/router.py", line 142, in propagate_event
    return await observer.wrap_outer_middleware(_wrapped, event=event, data=kwargs)
           ^^^^^^^^^^^^^^^^^^^^^^^^^^^^^^^^^^^^^^^^^^^^^^^^^^^^^^^^^^^^^^^^^^^^^^^^
  File "/Users/johnjanik/toolbot/venv/lib/python3.12/site-packages/aiogram/dispatcher/router.py", line 137, in _wrapped
    return await self._propagate_event(
           ^^^^^^^^^^^^^^^^^^^^^^^^^^^^
  File "/Users/johnjanik/toolbot/venv/lib/python3.12/site-packages/aiogram/dispatcher/router.py", line 162, in _propagate_event
    response = await observer.trigger(event, **kwargs)
               ^^^^^^^^^^^^^^^^^^^^^^^^^^^^^^^^^^^^^^^
  File "/Users/johnjanik/toolbot/venv/lib/python3.12/site-packages/aiogram/dispatcher/event/telegram.py", line 121, in trigger
    return await wrapped_inner(event, kwargs)
           ^^^^^^^^^^^^^^^^^^^^^^^^^^^^^^^^^^
  File "/Users/johnjanik/toolbot/venv/lib/python3.12/site-packages/aiogram/dispatcher/event/handler.py", line 43, in call
    return await wrapped()
           ^^^^^^^^^^^^^^^
  File "/Users/johnjanik/toolbot/bot/handlers/user.py", line 71, in browse_tools
    await update.message.edit_text(text, reply_markup=keyboard)
  File "/Users/johnjanik/toolbot/venv/lib/python3.12/site-packages/aiogram/methods/base.py", line 84, in emit
    return await bot(self)
           ^^^^^^^^^^^^^^^
  File "/Users/johnjanik/toolbot/venv/lib/python3.12/site-packages/aiogram/client/bot.py", line 480, in __call__
    return await self.session(self, method, timeout=request_timeout)
           ^^^^^^^^^^^^^^^^^^^^^^^^^^^^^^^^^^^^^^^^^^^^^^^^^^^^^^^^^
  File "/Users/johnjanik/toolbot/venv/lib/python3.12/site-packages/aiogram/client/session/base.py", line 254, in __call__
    return cast(TelegramType, await middleware(bot, method))
                              ^^^^^^^^^^^^^^^^^^^^^^^^^^^^^
  File "/Users/johnjanik/toolbot/venv/lib/python3.12/site-packages/aiogram/client/session/aiohttp.py", line 178, in make_request
    response = self.check_response(
               ^^^^^^^^^^^^^^^^^^^^
  File "/Users/johnjanik/toolbot/venv/lib/python3.12/site-packages/aiogram/client/session/base.py", line 120, in check_response
    raise TelegramBadRequest(method=method, message=description)
aiogram.exceptions.TelegramBadRequest: Telegram server says - Bad Request: there is no text in the message to edit
2025-05-31 14:48:38,126 - aiogram.dispatcher - ERROR - Failed to fetch updates - TelegramNetworkError: HTTP Client says - Request timeout error
2025-05-31 14:48:38,134 - aiogram.dispatcher - WARNING - Sleep for 1.000000 seconds and try again... (tryings = 0, bot id = 7623203863)
2025-05-31 14:48:39,210 - aiogram.dispatcher - ERROR - Failed to fetch updates - TelegramNetworkError: HTTP Client says - ClientConnectorError: Cannot connect to host api.telegram.org:443 ssl:default [nodename nor servname provided, or not known]
2025-05-31 14:48:39,211 - aiogram.dispatcher - WARNING - Sleep for 1.217929 seconds and try again... (tryings = 1, bot id = 7623203863)
2025-05-31 14:48:40,435 - aiogram.dispatcher - ERROR - Failed to fetch updates - TelegramNetworkError: HTTP Client says - ClientConnectorError: Cannot connect to host api.telegram.org:443 ssl:default [nodename nor servname provided, or not known]
2025-05-31 14:48:40,435 - aiogram.dispatcher - WARNING - Sleep for 1.617944 seconds and try again... (tryings = 2, bot id = 7623203863)
2025-05-31 14:48:42,060 - aiogram.dispatcher - ERROR - Failed to fetch updates - TelegramNetworkError: HTTP Client says - ClientConnectorError: Cannot connect to host api.telegram.org:443 ssl:default [nodename nor servname provided, or not known]
2025-05-31 14:48:42,061 - aiogram.dispatcher - WARNING - Sleep for 2.198804 seconds and try again... (tryings = 3, bot id = 7623203863)
2025-05-31 14:48:44,265 - aiogram.dispatcher - ERROR - Failed to fetch updates - TelegramNetworkError: HTTP Client says - ClientConnectorError: Cannot connect to host api.telegram.org:443 ssl:default [nodename nor servname provided, or not known]
2025-05-31 14:48:44,265 - aiogram.dispatcher - WARNING - Sleep for 2.732044 seconds and try again... (tryings = 4, bot id = 7623203863)
2025-05-31 14:48:47,001 - aiogram.dispatcher - ERROR - Failed to fetch updates - TelegramNetworkError: HTTP Client says - ClientConnectorError: Cannot connect to host api.telegram.org:443 ssl:default [nodename nor servname provided, or not known]
2025-05-31 14:48:47,002 - aiogram.dispatcher - WARNING - Sleep for 3.419289 seconds and try again... (tryings = 5, bot id = 7623203863)
2025-05-31 14:48:50,429 - aiogram.dispatcher - ERROR - Failed to fetch updates - TelegramNetworkError: HTTP Client says - ClientConnectorError: Cannot connect to host api.telegram.org:443 ssl:default [nodename nor servname provided, or not known]
2025-05-31 14:48:50,430 - aiogram.dispatcher - WARNING - Sleep for 4.367437 seconds and try again... (tryings = 6, bot id = 7623203863)
2025-05-31 14:48:54,801 - aiogram.dispatcher - ERROR - Failed to fetch updates - TelegramNetworkError: HTTP Client says - ClientConnectorError: Cannot connect to host api.telegram.org:443 ssl:default [nodename nor servname provided, or not known]
2025-05-31 14:48:54,802 - aiogram.dispatcher - WARNING - Sleep for 4.956259 seconds and try again... (tryings = 7, bot id = 7623203863)
2025-05-31 14:48:59,763 - aiogram.dispatcher - ERROR - Failed to fetch updates - TelegramNetworkError: HTTP Client says - ClientConnectorError: Cannot connect to host api.telegram.org:443 ssl:default [nodename nor servname provided, or not known]
2025-05-31 14:48:59,764 - aiogram.dispatcher - WARNING - Sleep for 4.969014 seconds and try again... (tryings = 8, bot id = 7623203863)
2025-05-31 14:49:04,737 - aiogram.dispatcher - ERROR - Failed to fetch updates - TelegramNetworkError: HTTP Client says - ClientConnectorError: Cannot connect to host api.telegram.org:443 ssl:default [nodename nor servname provided, or not known]
2025-05-31 14:49:04,738 - aiogram.dispatcher - WARNING - Sleep for 4.972080 seconds and try again... (tryings = 9, bot id = 7623203863)
2025-05-31 14:49:09,715 - aiogram.dispatcher - ERROR - Failed to fetch updates - TelegramNetworkError: HTTP Client says - ClientConnectorError: Cannot connect to host api.telegram.org:443 ssl:default [nodename nor servname provided, or not known]
2025-05-31 14:49:09,717 - aiogram.dispatcher - WARNING - Sleep for 5.012286 seconds and try again... (tryings = 10, bot id = 7623203863)
2025-05-31 14:49:14,737 - aiogram.dispatcher - ERROR - Failed to fetch updates - TelegramNetworkError: HTTP Client says - ClientConnectorError: Cannot connect to host api.telegram.org:443 ssl:default [nodename nor servname provided, or not known]
2025-05-31 14:49:14,737 - aiogram.dispatcher - WARNING - Sleep for 4.833568 seconds and try again... (tryings = 11, bot id = 7623203863)
2025-05-31 14:49:19,576 - aiogram.dispatcher - ERROR - Failed to fetch updates - TelegramNetworkError: HTTP Client says - ClientConnectorError: Cannot connect to host api.telegram.org:443 ssl:default [nodename nor servname provided, or not known]
2025-05-31 14:49:19,577 - aiogram.dispatcher - WARNING - Sleep for 4.917251 seconds and try again... (tryings = 12, bot id = 7623203863)
2025-05-31 14:49:24,499 - aiogram.dispatcher - ERROR - Failed to fetch updates - TelegramNetworkError: HTTP Client says - ClientConnectorError: Cannot connect to host api.telegram.org:443 ssl:default [nodename nor servname provided, or not known]
2025-05-31 14:49:24,501 - aiogram.dispatcher - WARNING - Sleep for 4.949146 seconds and try again... (tryings = 13, bot id = 7623203863)
2025-05-31 14:49:29,455 - aiogram.dispatcher - ERROR - Failed to fetch updates - TelegramNetworkError: HTTP Client says - ClientConnectorError: Cannot connect to host api.telegram.org:443 ssl:default [nodename nor servname provided, or not known]
2025-05-31 14:49:29,456 - aiogram.dispatcher - WARNING - Sleep for 5.221120 seconds and try again... (tryings = 14, bot id = 7623203863)
2025-05-31 14:49:34,683 - aiogram.dispatcher - ERROR - Failed to fetch updates - TelegramNetworkError: HTTP Client says - ClientConnectorError: Cannot connect to host api.telegram.org:443 ssl:default [nodename nor servname provided, or not known]
2025-05-31 14:49:34,683 - aiogram.dispatcher - WARNING - Sleep for 5.055414 seconds and try again... (tryings = 15, bot id = 7623203863)
2025-05-31 14:49:39,744 - aiogram.dispatcher - ERROR - Failed to fetch updates - TelegramNetworkError: HTTP Client says - ClientConnectorError: Cannot connect to host api.telegram.org:443 ssl:default [nodename nor servname provided, or not known]
2025-05-31 14:49:39,745 - aiogram.dispatcher - WARNING - Sleep for 4.892842 seconds and try again... (tryings = 16, bot id = 7623203863)
2025-05-31 14:49:44,643 - aiogram.dispatcher - ERROR - Failed to fetch updates - TelegramNetworkError: HTTP Client says - ClientConnectorError: Cannot connect to host api.telegram.org:443 ssl:default [nodename nor servname provided, or not known]
2025-05-31 14:49:44,643 - aiogram.dispatcher - WARNING - Sleep for 5.041492 seconds and try again... (tryings = 17, bot id = 7623203863)
2025-05-31 14:49:49,690 - aiogram.dispatcher - ERROR - Failed to fetch updates - TelegramNetworkError: HTTP Client says - ClientConnectorError: Cannot connect to host api.telegram.org:443 ssl:default [nodename nor servname provided, or not known]
2025-05-31 14:49:49,690 - aiogram.dispatcher - WARNING - Sleep for 4.999011 seconds and try again... (tryings = 18, bot id = 7623203863)
2025-05-31 14:49:54,695 - aiogram.dispatcher - ERROR - Failed to fetch updates - TelegramNetworkError: HTTP Client says - ClientConnectorError: Cannot connect to host api.telegram.org:443 ssl:default [nodename nor servname provided, or not known]
2025-05-31 14:49:54,696 - aiogram.dispatcher - WARNING - Sleep for 4.942298 seconds and try again... (tryings = 19, bot id = 7623203863)
2025-05-31 14:49:59,644 - aiogram.dispatcher - ERROR - Failed to fetch updates - TelegramNetworkError: HTTP Client says - ClientConnectorError: Cannot connect to host api.telegram.org:443 ssl:default [nodename nor servname provided, or not known]
2025-05-31 14:49:59,644 - aiogram.dispatcher - WARNING - Sleep for 4.944411 seconds and try again... (tryings = 20, bot id = 7623203863)
2025-05-31 14:50:04,596 - aiogram.dispatcher - ERROR - Failed to fetch updates - TelegramNetworkError: HTTP Client says - ClientConnectorError: Cannot connect to host api.telegram.org:443 ssl:default [nodename nor servname provided, or not known]
2025-05-31 14:50:04,597 - aiogram.dispatcher - WARNING - Sleep for 4.782589 seconds and try again... (tryings = 21, bot id = 7623203863)
2025-05-31 14:50:09,385 - aiogram.dispatcher - ERROR - Failed to fetch updates - TelegramNetworkError: HTTP Client says - ClientConnectorError: Cannot connect to host api.telegram.org:443 ssl:default [nodename nor servname provided, or not known]
2025-05-31 14:50:09,386 - aiogram.dispatcher - WARNING - Sleep for 5.105974 seconds and try again... (tryings = 22, bot id = 7623203863)
2025-05-31 14:50:14,134 - aiogram.dispatcher - WARNING - Received SIGINT signal
2025-05-31 14:50:14,136 - aiogram.dispatcher - INFO - Polling stopped for bot @Batumi_Tool_Bot id=7623203863 - 'Batumi_Tool_Bot'
2025-05-31 14:50:14,136 - aiogram.dispatcher - INFO - Polling stopped
2025-05-31 14:50:21,933 - __main__ - INFO - Initializing database...
2025-05-31 14:50:21,947 - __main__ - INFO - Registering handlers...
2025-05-31 14:50:21,947 - __main__ - INFO - Starting bot...
2025-05-31 14:50:21,947 - aiogram.dispatcher - INFO - Start polling
2025-05-31 14:50:21,951 - aiogram.dispatcher - INFO - Polling stopped
2025-05-31 14:50:22,203 - __main__ - ERROR - Error occurred: HTTP Client says - ClientConnectorError: Cannot connect to host api.telegram.org:443 ssl:default [nodename nor servname provided, or not known]
2025-05-31 14:50:35,934 - __main__ - INFO - Initializing database...
2025-05-31 14:50:35,942 - __main__ - INFO - Registering handlers...
2025-05-31 14:50:35,942 - __main__ - INFO - Starting bot...
2025-05-31 14:50:35,942 - aiogram.dispatcher - INFO - Start polling
2025-05-31 14:50:35,945 - aiogram.dispatcher - INFO - Polling stopped
2025-05-31 14:50:36,196 - __main__ - ERROR - Error occurred: HTTP Client says - ClientConnectorError: Cannot connect to host api.telegram.org:443 ssl:default [nodename nor servname provided, or not known]
2025-05-31 14:55:26,960 - __main__ - INFO - Initializing database...
2025-05-31 14:55:26,974 - __main__ - INFO - Registering handlers...
2025-05-31 14:55:26,975 - __main__ - INFO - Starting bot...
2025-05-31 14:55:26,975 - aiogram.dispatcher - INFO - Start polling
2025-05-31 14:55:28,517 - aiogram.dispatcher - INFO - Run polling for bot @Batumi_Tool_Bot id=7623203863 - 'Batumi_Tool_Bot'
2025-05-31 14:55:30,233 - aiogram.event - INFO - Update id=880074610 is not handled. Duration 1042 ms by bot id=7623203863
2025-05-31 14:55:30,233 - aiogram.event - ERROR - Cause exception while process update id=880074610 by bot id=7623203863
TelegramBadRequest: Telegram server says - Bad Request: there is no text in the message to edit
Traceback (most recent call last):
  File "/Users/johnjanik/toolbot/venv/lib/python3.12/site-packages/aiogram/dispatcher/dispatcher.py", line 309, in _process_update
    response = await self.feed_update(bot, update, **kwargs)
               ^^^^^^^^^^^^^^^^^^^^^^^^^^^^^^^^^^^^^^^^^^^^^
  File "/Users/johnjanik/toolbot/venv/lib/python3.12/site-packages/aiogram/dispatcher/dispatcher.py", line 158, in feed_update
    response = await self.update.wrap_outer_middleware(
               ^^^^^^^^^^^^^^^^^^^^^^^^^^^^^^^^^^^^^^^^
  File "/Users/johnjanik/toolbot/venv/lib/python3.12/site-packages/aiogram/dispatcher/middlewares/error.py", line 25, in __call__
    return await handler(event, data)
           ^^^^^^^^^^^^^^^^^^^^^^^^^^
  File "/Users/johnjanik/toolbot/venv/lib/python3.12/site-packages/aiogram/dispatcher/middlewares/user_context.py", line 49, in __call__
    return await handler(event, data)
           ^^^^^^^^^^^^^^^^^^^^^^^^^^
  File "/Users/johnjanik/toolbot/venv/lib/python3.12/site-packages/aiogram/fsm/middleware.py", line 42, in __call__
    return await handler(event, data)
           ^^^^^^^^^^^^^^^^^^^^^^^^^^
  File "/Users/johnjanik/toolbot/venv/lib/python3.12/site-packages/aiogram/dispatcher/event/telegram.py", line 121, in trigger
    return await wrapped_inner(event, kwargs)
           ^^^^^^^^^^^^^^^^^^^^^^^^^^^^^^^^^^
  File "/Users/johnjanik/toolbot/venv/lib/python3.12/site-packages/aiogram/dispatcher/event/handler.py", line 43, in call
    return await wrapped()
           ^^^^^^^^^^^^^^^
  File "/Users/johnjanik/toolbot/venv/lib/python3.12/site-packages/aiogram/dispatcher/dispatcher.py", line 276, in _listen_update
    return await self.propagate_event(update_type=update_type, event=event, **kwargs)
           ^^^^^^^^^^^^^^^^^^^^^^^^^^^^^^^^^^^^^^^^^^^^^^^^^^^^^^^^^^^^^^^^^^^^^^^^^^
  File "/Users/johnjanik/toolbot/venv/lib/python3.12/site-packages/aiogram/dispatcher/router.py", line 142, in propagate_event
    return await observer.wrap_outer_middleware(_wrapped, event=event, data=kwargs)
           ^^^^^^^^^^^^^^^^^^^^^^^^^^^^^^^^^^^^^^^^^^^^^^^^^^^^^^^^^^^^^^^^^^^^^^^^
  File "/Users/johnjanik/toolbot/venv/lib/python3.12/site-packages/aiogram/dispatcher/router.py", line 137, in _wrapped
    return await self._propagate_event(
           ^^^^^^^^^^^^^^^^^^^^^^^^^^^^
  File "/Users/johnjanik/toolbot/venv/lib/python3.12/site-packages/aiogram/dispatcher/router.py", line 170, in _propagate_event
    response = await router.propagate_event(update_type=update_type, event=event, **kwargs)
               ^^^^^^^^^^^^^^^^^^^^^^^^^^^^^^^^^^^^^^^^^^^^^^^^^^^^^^^^^^^^^^^^^^^^^^^^^^^^
  File "/Users/johnjanik/toolbot/venv/lib/python3.12/site-packages/aiogram/dispatcher/router.py", line 142, in propagate_event
    return await observer.wrap_outer_middleware(_wrapped, event=event, data=kwargs)
           ^^^^^^^^^^^^^^^^^^^^^^^^^^^^^^^^^^^^^^^^^^^^^^^^^^^^^^^^^^^^^^^^^^^^^^^^
  File "/Users/johnjanik/toolbot/venv/lib/python3.12/site-packages/aiogram/dispatcher/router.py", line 137, in _wrapped
    return await self._propagate_event(
           ^^^^^^^^^^^^^^^^^^^^^^^^^^^^
  File "/Users/johnjanik/toolbot/venv/lib/python3.12/site-packages/aiogram/dispatcher/router.py", line 162, in _propagate_event
    response = await observer.trigger(event, **kwargs)
               ^^^^^^^^^^^^^^^^^^^^^^^^^^^^^^^^^^^^^^^
  File "/Users/johnjanik/toolbot/venv/lib/python3.12/site-packages/aiogram/dispatcher/event/telegram.py", line 121, in trigger
    return await wrapped_inner(event, kwargs)
           ^^^^^^^^^^^^^^^^^^^^^^^^^^^^^^^^^^
  File "/Users/johnjanik/toolbot/venv/lib/python3.12/site-packages/aiogram/dispatcher/event/handler.py", line 43, in call
    return await wrapped()
           ^^^^^^^^^^^^^^^
  File "/Users/johnjanik/toolbot/bot/handlers/user.py", line 71, in browse_tools
    await update.message.edit_text(text, reply_markup=keyboard)
  File "/Users/johnjanik/toolbot/venv/lib/python3.12/site-packages/aiogram/methods/base.py", line 84, in emit
    return await bot(self)
           ^^^^^^^^^^^^^^^
  File "/Users/johnjanik/toolbot/venv/lib/python3.12/site-packages/aiogram/client/bot.py", line 480, in __call__
    return await self.session(self, method, timeout=request_timeout)
           ^^^^^^^^^^^^^^^^^^^^^^^^^^^^^^^^^^^^^^^^^^^^^^^^^^^^^^^^^
  File "/Users/johnjanik/toolbot/venv/lib/python3.12/site-packages/aiogram/client/session/base.py", line 254, in __call__
    return cast(TelegramType, await middleware(bot, method))
                              ^^^^^^^^^^^^^^^^^^^^^^^^^^^^^
  File "/Users/johnjanik/toolbot/venv/lib/python3.12/site-packages/aiogram/client/session/aiohttp.py", line 178, in make_request
    response = self.check_response(
               ^^^^^^^^^^^^^^^^^^^^
  File "/Users/johnjanik/toolbot/venv/lib/python3.12/site-packages/aiogram/client/session/base.py", line 120, in check_response
    raise TelegramBadRequest(method=method, message=description)
aiogram.exceptions.TelegramBadRequest: Telegram server says - Bad Request: there is no text in the message to edit
2025-05-31 14:55:32,947 - aiogram.event - INFO - Update id=880074611 is not handled. Duration 357 ms by bot id=7623203863
2025-05-31 14:55:32,947 - aiogram.event - ERROR - Cause exception while process update id=880074611 by bot id=7623203863
TelegramBadRequest: Telegram server says - Bad Request: there is no text in the message to edit
Traceback (most recent call last):
  File "/Users/johnjanik/toolbot/venv/lib/python3.12/site-packages/aiogram/dispatcher/dispatcher.py", line 309, in _process_update
    response = await self.feed_update(bot, update, **kwargs)
               ^^^^^^^^^^^^^^^^^^^^^^^^^^^^^^^^^^^^^^^^^^^^^
  File "/Users/johnjanik/toolbot/venv/lib/python3.12/site-packages/aiogram/dispatcher/dispatcher.py", line 158, in feed_update
    response = await self.update.wrap_outer_middleware(
               ^^^^^^^^^^^^^^^^^^^^^^^^^^^^^^^^^^^^^^^^
  File "/Users/johnjanik/toolbot/venv/lib/python3.12/site-packages/aiogram/dispatcher/middlewares/error.py", line 25, in __call__
    return await handler(event, data)
           ^^^^^^^^^^^^^^^^^^^^^^^^^^
  File "/Users/johnjanik/toolbot/venv/lib/python3.12/site-packages/aiogram/dispatcher/middlewares/user_context.py", line 49, in __call__
    return await handler(event, data)
           ^^^^^^^^^^^^^^^^^^^^^^^^^^
  File "/Users/johnjanik/toolbot/venv/lib/python3.12/site-packages/aiogram/fsm/middleware.py", line 42, in __call__
    return await handler(event, data)
           ^^^^^^^^^^^^^^^^^^^^^^^^^^
  File "/Users/johnjanik/toolbot/venv/lib/python3.12/site-packages/aiogram/dispatcher/event/telegram.py", line 121, in trigger
    return await wrapped_inner(event, kwargs)
           ^^^^^^^^^^^^^^^^^^^^^^^^^^^^^^^^^^
  File "/Users/johnjanik/toolbot/venv/lib/python3.12/site-packages/aiogram/dispatcher/event/handler.py", line 43, in call
    return await wrapped()
           ^^^^^^^^^^^^^^^
  File "/Users/johnjanik/toolbot/venv/lib/python3.12/site-packages/aiogram/dispatcher/dispatcher.py", line 276, in _listen_update
    return await self.propagate_event(update_type=update_type, event=event, **kwargs)
           ^^^^^^^^^^^^^^^^^^^^^^^^^^^^^^^^^^^^^^^^^^^^^^^^^^^^^^^^^^^^^^^^^^^^^^^^^^
  File "/Users/johnjanik/toolbot/venv/lib/python3.12/site-packages/aiogram/dispatcher/router.py", line 142, in propagate_event
    return await observer.wrap_outer_middleware(_wrapped, event=event, data=kwargs)
           ^^^^^^^^^^^^^^^^^^^^^^^^^^^^^^^^^^^^^^^^^^^^^^^^^^^^^^^^^^^^^^^^^^^^^^^^
  File "/Users/johnjanik/toolbot/venv/lib/python3.12/site-packages/aiogram/dispatcher/router.py", line 137, in _wrapped
    return await self._propagate_event(
           ^^^^^^^^^^^^^^^^^^^^^^^^^^^^
  File "/Users/johnjanik/toolbot/venv/lib/python3.12/site-packages/aiogram/dispatcher/router.py", line 170, in _propagate_event
    response = await router.propagate_event(update_type=update_type, event=event, **kwargs)
               ^^^^^^^^^^^^^^^^^^^^^^^^^^^^^^^^^^^^^^^^^^^^^^^^^^^^^^^^^^^^^^^^^^^^^^^^^^^^
  File "/Users/johnjanik/toolbot/venv/lib/python3.12/site-packages/aiogram/dispatcher/router.py", line 142, in propagate_event
    return await observer.wrap_outer_middleware(_wrapped, event=event, data=kwargs)
           ^^^^^^^^^^^^^^^^^^^^^^^^^^^^^^^^^^^^^^^^^^^^^^^^^^^^^^^^^^^^^^^^^^^^^^^^
  File "/Users/johnjanik/toolbot/venv/lib/python3.12/site-packages/aiogram/dispatcher/router.py", line 137, in _wrapped
    return await self._propagate_event(
           ^^^^^^^^^^^^^^^^^^^^^^^^^^^^
  File "/Users/johnjanik/toolbot/venv/lib/python3.12/site-packages/aiogram/dispatcher/router.py", line 162, in _propagate_event
    response = await observer.trigger(event, **kwargs)
               ^^^^^^^^^^^^^^^^^^^^^^^^^^^^^^^^^^^^^^^
  File "/Users/johnjanik/toolbot/venv/lib/python3.12/site-packages/aiogram/dispatcher/event/telegram.py", line 121, in trigger
    return await wrapped_inner(event, kwargs)
           ^^^^^^^^^^^^^^^^^^^^^^^^^^^^^^^^^^
  File "/Users/johnjanik/toolbot/venv/lib/python3.12/site-packages/aiogram/dispatcher/event/handler.py", line 43, in call
    return await wrapped()
           ^^^^^^^^^^^^^^^
  File "/Users/johnjanik/toolbot/bot/handlers/user.py", line 71, in browse_tools
    await update.message.edit_text(text, reply_markup=keyboard)
  File "/Users/johnjanik/toolbot/venv/lib/python3.12/site-packages/aiogram/methods/base.py", line 84, in emit
    return await bot(self)
           ^^^^^^^^^^^^^^^
  File "/Users/johnjanik/toolbot/venv/lib/python3.12/site-packages/aiogram/client/bot.py", line 480, in __call__
    return await self.session(self, method, timeout=request_timeout)
           ^^^^^^^^^^^^^^^^^^^^^^^^^^^^^^^^^^^^^^^^^^^^^^^^^^^^^^^^^
  File "/Users/johnjanik/toolbot/venv/lib/python3.12/site-packages/aiogram/client/session/base.py", line 254, in __call__
    return cast(TelegramType, await middleware(bot, method))
                              ^^^^^^^^^^^^^^^^^^^^^^^^^^^^^
  File "/Users/johnjanik/toolbot/venv/lib/python3.12/site-packages/aiogram/client/session/aiohttp.py", line 178, in make_request
    response = self.check_response(
               ^^^^^^^^^^^^^^^^^^^^
  File "/Users/johnjanik/toolbot/venv/lib/python3.12/site-packages/aiogram/client/session/base.py", line 120, in check_response
    raise TelegramBadRequest(method=method, message=description)
aiogram.exceptions.TelegramBadRequest: Telegram server says - Bad Request: there is no text in the message to edit
2025-05-31 14:55:42,851 - aiogram.event - INFO - Update id=880074612 is handled. Duration 380 ms by bot id=7623203863
2025-05-31 14:55:46,471 - aiogram.event - INFO - Update id=880074613 is handled. Duration 913 ms by bot id=7623203863
2025-05-31 14:55:54,335 - aiogram.event - INFO - Update id=880074614 is handled. Duration 416 ms by bot id=7623203863
2025-05-31 14:56:47,813 - aiogram.event - INFO - Update id=880074615 is handled. Duration 1285 ms by bot id=7623203863
2025-05-31 14:56:50,959 - aiogram.event - INFO - Update id=880074616 is handled. Duration 439 ms by bot id=7623203863
2025-05-31 14:56:54,653 - aiogram.event - INFO - Update id=880074617 is handled. Duration 856 ms by bot id=7623203863
2025-05-31 14:56:58,822 - aiogram.event - INFO - Update id=880074618 is handled. Duration 912 ms by bot id=7623203863
2025-05-31 14:57:05,115 - aiogram.event - INFO - Update id=880074619 is handled. Duration 767 ms by bot id=7623203863
2025-05-31 14:57:08,786 - aiogram.event - INFO - Update id=880074620 is handled. Duration 820 ms by bot id=7623203863
2025-05-31 14:57:11,180 - aiogram.event - INFO - Update id=880074621 is handled. Duration 450 ms by bot id=7623203863
2025-05-31 15:03:48,109 - aiogram.event - INFO - Update id=880074622 is handled. Duration 1624 ms by bot id=7623203863
2025-05-31 15:04:00,595 - aiogram.event - INFO - Update id=880074623 is handled. Duration 400 ms by bot id=7623203863
2025-05-31 15:04:09,290 - aiogram.event - INFO - Update id=880074624 is handled. Duration 491 ms by bot id=7623203863
2025-05-31 15:04:13,286 - aiogram.event - INFO - Update id=880074625 is handled. Duration 860 ms by bot id=7623203863
2025-05-31 15:04:15,371 - aiogram.event - INFO - Update id=880074626 is handled. Duration 842 ms by bot id=7623203863
2025-05-31 15:04:18,513 - aiogram.event - INFO - Update id=880074627 is handled. Duration 841 ms by bot id=7623203863
2025-05-31 15:04:21,863 - aiogram.event - INFO - Update id=880074628 is handled. Duration 470 ms by bot id=7623203863
2025-05-31 15:04:25,649 - aiogram.event - INFO - Update id=880074629 is handled. Duration 344 ms by bot id=7623203863
2025-05-31 15:04:28,679 - aiogram.event - INFO - Update id=880074630 is handled. Duration 425 ms by bot id=7623203863
2025-05-31 15:04:31,853 - aiogram.event - INFO - Update id=880074631 is handled. Duration 389 ms by bot id=7623203863
2025-05-31 15:05:48,373 - aiogram.event - INFO - Update id=880074632 is handled. Duration 1254 ms by bot id=7623203863
2025-05-31 15:08:14,104 - aiogram.dispatcher - ERROR - Failed to fetch updates - TelegramNetworkError: HTTP Client says - Request timeout error
2025-05-31 15:08:14,105 - aiogram.dispatcher - WARNING - Sleep for 1.000000 seconds and try again... (tryings = 0, bot id = 7623203863)
2025-05-31 15:09:26,101 - aiogram.dispatcher - ERROR - Failed to fetch updates - TelegramNetworkError: HTTP Client says - Request timeout error
2025-05-31 15:09:26,103 - aiogram.dispatcher - WARNING - Sleep for 1.213553 seconds and try again... (tryings = 1, bot id = 7623203863)
2025-05-31 15:09:37,799 - aiogram.dispatcher - INFO - Connection established (tryings = 2, bot id = 7623203863)
2025-05-31 17:21:31,616 - aiogram.dispatcher - ERROR - Failed to fetch updates - TelegramNetworkError: HTTP Client says - Request timeout error
2025-05-31 17:21:31,618 - aiogram.dispatcher - WARNING - Sleep for 1.000000 seconds and try again... (tryings = 0, bot id = 7623203863)
2025-05-31 17:21:43,106 - aiogram.dispatcher - INFO - Connection established (tryings = 1, bot id = 7623203863)
2025-05-31 18:04:37,159 - aiogram.dispatcher - WARNING - Received SIGINT signal
2025-05-31 18:04:37,175 - aiogram.dispatcher - INFO - Polling stopped for bot @Batumi_Tool_Bot id=7623203863 - 'Batumi_Tool_Bot'
2025-05-31 18:04:37,176 - aiogram.dispatcher - INFO - Polling stopped
2025-05-31 18:08:28,392 - __main__ - INFO - Initializing database...
2025-05-31 18:08:28,410 - __main__ - INFO - Registering handlers...
2025-05-31 18:08:28,410 - __main__ - INFO - Starting bot...
2025-05-31 18:08:28,410 - aiogram.dispatcher - INFO - Start polling
2025-05-31 18:08:28,861 - aiogram.dispatcher - INFO - Run polling for bot @Batumi_Tool_Bot id=7623203863 - 'Batumi_Tool_Bot'
2025-05-31 18:08:47,802 - aiogram.event - INFO - Update id=880074633 is handled. Duration 535 ms by bot id=7623203863
2025-05-31 18:09:01,677 - aiogram.event - INFO - Update id=880074634 is handled. Duration 248 ms by bot id=7623203863
2025-05-31 18:09:20,493 - aiogram.event - INFO - Update id=880074635 is handled. Duration 430 ms by bot id=7623203863
2025-05-31 18:09:26,129 - aiogram.event - INFO - Update id=880074636 is handled. Duration 229 ms by bot id=7623203863
2025-05-31 18:09:32,085 - aiogram.event - INFO - Update id=880074637 is handled. Duration 247 ms by bot id=7623203863
2025-05-31 18:09:37,230 - aiogram.event - INFO - Update id=880074638 is handled. Duration 240 ms by bot id=7623203863
2025-05-31 18:09:40,577 - aiogram.event - INFO - Update id=880074639 is handled. Duration 232 ms by bot id=7623203863
2025-05-31 18:09:44,290 - aiogram.event - INFO - Update id=880074640 is handled. Duration 235 ms by bot id=7623203863
2025-05-31 18:09:51,584 - aiogram.event - INFO - Update id=880074641 is handled. Duration 495 ms by bot id=7623203863
2025-05-31 18:09:53,740 - aiogram.event - INFO - Update id=880074642 is handled. Duration 235 ms by bot id=7623203863
2025-05-31 18:10:25,997 - aiogram.event - INFO - Update id=880074643 is handled. Duration 706 ms by bot id=7623203863
2025-05-31 18:10:33,625 - aiogram.event - INFO - Update id=880074644 is handled. Duration 236 ms by bot id=7623203863
2025-05-31 18:10:36,385 - aiogram.event - INFO - Update id=880074645 is handled. Duration 240 ms by bot id=7623203863
2025-05-31 18:10:38,419 - aiogram.event - INFO - Update id=880074646 is handled. Duration 225 ms by bot id=7623203863
2025-05-31 18:10:48,936 - aiogram.event - INFO - Update id=880074647 is handled. Duration 706 ms by bot id=7623203863
2025-05-31 18:10:52,951 - aiogram.event - INFO - Update id=880074648 is handled. Duration 216 ms by bot id=7623203863
2025-05-31 18:13:19,241 - aiogram.event - INFO - Update id=880074649 is handled. Duration 684 ms by bot id=7623203863
2025-05-31 18:22:55,675 - aiogram.dispatcher - WARNING - Received SIGINT signal
2025-05-31 18:22:55,680 - aiogram.dispatcher - INFO - Polling stopped for bot @Batumi_Tool_Bot id=7623203863 - 'Batumi_Tool_Bot'
2025-05-31 18:22:55,680 - aiogram.dispatcher - INFO - Polling stopped
2025-05-31 18:28:31,634 - __main__ - INFO - Initializing database...
2025-05-31 18:28:31,652 - __main__ - INFO - Registering handlers...
2025-05-31 18:28:31,652 - __main__ - INFO - Starting bot...
2025-05-31 18:28:31,653 - aiogram.dispatcher - INFO - Start polling
2025-05-31 18:28:32,103 - aiogram.dispatcher - INFO - Run polling for bot @Batumi_Tool_Bot id=7623203863 - 'Batumi_Tool_Bot'
2025-05-31 18:28:41,786 - aiogram.event - INFO - Update id=880074650 is handled. Duration 490 ms by bot id=7623203863
2025-05-31 18:28:44,079 - aiogram.event - INFO - Update id=880074651 is handled. Duration 528 ms by bot id=7623203863
2025-05-31 18:28:46,585 - aiogram.event - INFO - Update id=880074652 is handled. Duration 463 ms by bot id=7623203863
2025-05-31 18:28:56,575 - aiogram.event - INFO - Update id=880074653 is handled. Duration 249 ms by bot id=7623203863
2025-05-31 18:29:07,933 - aiogram.event - INFO - Update id=880074654 is handled. Duration 483 ms by bot id=7623203863
2025-05-31 18:29:17,696 - aiogram.event - INFO - Update id=880074655 is not handled. Duration 2 ms by bot id=7623203863
2025-05-31 18:29:25,320 - aiogram.event - INFO - Update id=880074656 is handled. Duration 667 ms by bot id=7623203863
2025-05-31 18:29:28,751 - aiogram.event - INFO - Update id=880074657 is not handled. Duration 3 ms by bot id=7623203863
2025-05-31 18:29:34,535 - aiogram.event - INFO - Update id=880074658 is not handled. Duration 4 ms by bot id=7623203863
2025-05-31 18:29:39,272 - aiogram.event - INFO - Update id=880074659 is handled. Duration 591 ms by bot id=7623203863
2025-05-31 18:29:44,113 - aiogram.event - INFO - Update id=880074660 is handled. Duration 478 ms by bot id=7623203863
2025-05-31 18:29:49,356 - aiogram.event - INFO - Update id=880074661 is handled. Duration 435 ms by bot id=7623203863
2025-05-31 18:29:51,846 - aiogram.event - INFO - Update id=880074662 is handled. Duration 467 ms by bot id=7623203863
2025-05-31 18:29:54,241 - aiogram.event - INFO - Update id=880074663 is handled. Duration 508 ms by bot id=7623203863
2025-05-31 18:29:56,773 - aiogram.event - INFO - Update id=880074664 is handled. Duration 485 ms by bot id=7623203863
2025-05-31 18:29:58,707 - aiogram.event - INFO - Update id=880074665 is handled. Duration 570 ms by bot id=7623203863
2025-05-31 18:30:07,736 - aiogram.event - INFO - Update id=880074666 is handled. Duration 533 ms by bot id=7623203863
2025-05-31 18:30:23,096 - aiogram.event - INFO - Update id=880074667 is handled. Duration 460 ms by bot id=7623203863
2025-05-31 18:31:40,066 - aiogram.event - INFO - Update id=880074668 is handled. Duration 533 ms by bot id=7623203863
2025-05-31 18:31:49,499 - aiogram.event - INFO - Update id=880074669 is handled. Duration 476 ms by bot id=7623203863
2025-05-31 18:31:52,741 - aiogram.event - INFO - Update id=880074670 is handled. Duration 518 ms by bot id=7623203863
2025-05-31 18:32:11,143 - aiogram.event - INFO - Update id=880074671 is handled. Duration 702 ms by bot id=7623203863
2025-05-31 18:32:16,924 - aiogram.event - INFO - Update id=880074672 is handled. Duration 239 ms by bot id=7623203863
2025-05-31 18:32:19,921 - aiogram.event - INFO - Update id=880074673 is handled. Duration 220 ms by bot id=7623203863
2025-05-31 19:01:03,516 - aiogram.dispatcher - ERROR - Failed to fetch updates - TelegramNetworkError: HTTP Client says - Request timeout error
2025-05-31 19:01:03,519 - aiogram.dispatcher - WARNING - Sleep for 1.000000 seconds and try again... (tryings = 0, bot id = 7623203863)
2025-05-31 19:01:14,983 - aiogram.dispatcher - INFO - Connection established (tryings = 1, bot id = 7623203863)
2025-05-31 21:32:01,932 - aiogram.dispatcher - WARNING - Received SIGINT signal
2025-05-31 21:32:01,951 - aiogram.dispatcher - INFO - Polling stopped for bot @Batumi_Tool_Bot id=7623203863 - 'Batumi_Tool_Bot'
2025-05-31 21:32:01,953 - aiogram.dispatcher - INFO - Polling stopped
2025-06-01 06:52:38,914 - __main__ - INFO - Initializing database...
2025-06-01 06:52:38,933 - __main__ - INFO - Registering handlers...
2025-06-01 06:52:38,933 - __main__ - INFO - Starting bot...
2025-06-01 06:52:38,933 - aiogram.dispatcher - INFO - Start polling
2025-06-01 06:52:39,363 - aiogram.dispatcher - INFO - Run polling for bot @Batumi_Tool_Bot id=7623203863 - 'Batumi_Tool_Bot'
2025-06-01 06:52:51,918 - aiogram.event - INFO - Update id=880074674 is handled. Duration 798 ms by bot id=7623203863
2025-06-01 06:52:55,259 - aiogram.event - INFO - Update id=880074675 is handled. Duration 525 ms by bot id=7623203863
2025-06-01 06:52:57,914 - aiogram.event - INFO - Update id=880074676 is handled. Duration 477 ms by bot id=7623203863
2025-06-01 06:53:03,489 - aiogram.dispatcher - WARNING - Received SIGINT signal
2025-06-01 06:53:03,490 - aiogram.dispatcher - INFO - Polling stopped for bot @Batumi_Tool_Bot id=7623203863 - 'Batumi_Tool_Bot'
2025-06-01 06:53:03,491 - aiogram.dispatcher - INFO - Polling stopped
